{
  "RSpec": {
    "coverage": {
      "/home/hag/Development/addressive/lib/addressive/router.rb": [
        null,
        null,
        null,
        null,
        null,
        null,
        null,
        null,
        null,
        null,
        null,
        null,
        null,
        null,
        null,
        null,
        null,
        1,
        1,
        null,
        1,
        null,
        1,
        null,
        1,
        null,
        null,
        null,
        null,
        null,
        1,
        null,
        null,
        1,
        null,
        null,
        1,
        null,
        1,
        null,
        1,
        0,
        null,
        null,
        1,
        null,
        1,
        0,
        null,
        null,
        null,
        null,
        1,
        11,
        null,
        null,
        1,
        19,
        null,
        null,
        1,
        33,
        null,
        null,
        1,
        11,
        null,
        null,
        1,
        19,
        null,
        null,
        1,
        null,
        11,
        null,
        null,
        33,
        null,
        null,
        null,
        null,
        null,
        11,
        null,
        null,
        1,
        0,
        0,
        0,
        0,
        null,
        null,
        null,
        null,
        null,
        null,
        null,
        1,
        null,
        1,
        1,
        1,
        null,
        null,
        1,
        1,
        null,
        null,
        1,
        6,
        null,
        null,
        2,
        null,
        3,
        null,
        null,
        null,
        1,
        1,
        1,
        null,
        null,
        1,
        1,
        1,
        null,
        null,
        null,
        null,
        null,
        1,
        null,
        1,
        1,
        1,
        null,
        null,
        1,
        1,
        null,
        null,
        1,
        3,
        0,
        0,
        null,
        3,
        3,
        null,
        0,
        0,
        0,
        null,
        3,
        3,
        3,
        1,
        2,
        1,
        1,
        null,
        1,
        null,
        null,
        0,
        0,
        null,
        null,
        null,
        null,
        null,
        null,
        1,
        1,
        1,
        null,
        null,
        1,
        1,
        1,
        null,
        null,
        null,
        null,
        null,
        null,
        1,
        31,
        null,
        1,
        null,
        1,
        9,
        9,
        9,
        9,
        9,
        9,
        null,
        null,
        null,
        1,
        16,
        16,
        15,
        15,
        22,
        30,
        30,
        30,
        null,
        null,
        null,
        null,
        15,
        null,
        15,
        null,
        null,
        null,
        1,
        15,
        15,
        15,
        15,
        0,
        null,
        15,
        15,
        15,
        15,
        15,
        15,
        15,
        0,
        null,
        null,
        0,
        0,
        null,
        0,
        null,
        15,
        15,
        null,
        null,
        15,
        0,
        0,
        null,
        0,
        null,
        15,
        null,
        null,
        1,
        null,
        1,
        null,
        null,
        1,
        19,
        null,
        null,
        null,
        1,
        19,
        19,
        19,
        20,
        20,
        20,
        null,
        3,
        null,
        null,
        null,
        null,
        null,
        null,
        null,
        null,
        null,
        null,
        1,
        19,
        19,
        null,
        null,
        null,
        1,
        0,
        null,
        null,
        null,
        null,
        null,
        null,
        null,
        null,
        null,
        null,
        null,
        1,
        4,
        4,
        null,
        4,
        null,
        null,
        1,
        null,
        null,
        1,
        0,
        null,
        null,
        1,
        null,
        1,
        23,
        9,
        9,
        39,
        9,
        9,
        30,
        null,
        9,
        9,
        null,
        null,
        null,
        null,
        null
      ],
      "/home/hag/Development/addressive/lib/addressive/static.rb": [
        null,
        null,
        null,
        null,
        null,
        null,
        null,
        null,
        null,
        null,
        null,
        null,
        null,
        null,
        null,
        null,
        null,
        1,
        null,
        1,
        null,
        null,
        null,
        null,
        null,
        null,
        null,
        null,
        null,
        null,
        null,
        null,
        null,
        null,
        null,
        null,
        null,
        1,
        null,
        1,
        null,
        13,
        null,
        null,
        null,
        1,
        6,
        6,
        null,
        null,
        null,
        null,
        null,
        null,
        1,
        13,
        13,
        13,
        13,
        null,
        0,
        null,
        null,
        null,
        1,
        0,
        null,
        null,
        null,
        null,
        null
      ],
      "/home/hag/Development/addressive/lib/addressive/graph.rb": [
        null,
        null,
        null,
        null,
        null,
        null,
        null,
        null,
        null,
        null,
        null,
        null,
        null,
        null,
        null,
        null,
        null,
        1,
        null,
        null,
        null,
        null,
        1,
        null,
        null,
        1,
        null,
        null,
        1,
        19,
        19,
        19,
        null,
        null,
        null,
        1,
        0,
        null,
        null,
        null,
        1,
        23,
        23,
        23,
        null,
        null,
        null,
        null,
        null,
        null,
        1,
        null,
        1,
        null,
        null,
        1,
        109,
        109,
        109,
        null,
        null,
        null,
        null,
        null,
        null,
        null,
        null,
        null,
        null,
        null,
        null,
        null,
        null,
        null,
        null,
        null,
        null,
        null,
        null,
        null,
        null,
        null,
        null,
        null,
        null,
        1,
        30,
        30,
        null,
        null,
        1,
        null,
        null,
        1,
        4,
        null,
        null,
        null,
        1,
        20,
        20,
        null,
        null,
        null,
        null,
        null,
        null,
        null,
        null,
        null,
        null,
        null,
        null,
        null,
        null,
        null,
        null,
        null,
        null,
        null,
        null,
        null,
        null,
        null,
        null,
        1,
        19,
        19,
        19,
        19,
        2,
        0,
        null,
        2,
        null,
        null,
        19,
        19,
        19,
        17,
        null,
        null,
        19,
        null,
        null,
        null,
        null,
        null,
        null,
        null,
        1,
        null,
        null,
        1,
        81,
        null,
        null,
        null,
        null,
        null,
        null,
        null,
        1,
        65,
        65,
        44,
        0,
        null,
        44,
        null,
        null,
        65,
        null,
        null,
        null,
        null,
        null,
        null,
        1,
        6,
        null,
        null,
        null,
        null,
        null,
        1,
        48,
        null,
        null,
        null,
        1,
        null,
        null,
        null,
        1,
        25,
        25,
        25,
        25,
        73,
        25,
        null,
        null,
        null,
        null,
        null,
        null,
        1,
        56,
        25,
        7,
        null,
        18,
        null,
        null,
        56,
        null,
        null,
        null,
        null,
        null,
        1,
        96,
        null,
        null,
        1,
        null,
        null,
        null
      ]
    },
    "timestamp": 1321704292
  }
}
