{
  "RSpec": {
    "coverage": {
      "/home/hannesgeorg/Development/addressive/lib/addressive/router.rb": [
        null,
        null,
        null,
        null,
        null,
        null,
        null,
        null,
        null,
        null,
        null,
        null,
        null,
        null,
        null,
        null,
        null,
        1,
        1,
        1,
        null,
        1,
        null,
        1,
        null,
        1,
        null,
        null,
        null,
        null,
        null,
        1,
        null,
        null,
        1,
        null,
        null,
        1,
        null,
        1,
        null,
        1,
        null,
        1,
        0,
        null,
        null,
        1,
        null,
        1,
        0,
        null,
        null,
        null,
        null,
        1,
        12,
        null,
        null,
        1,
        21,
        null,
        null,
        1,
        39,
        null,
        null,
        1,
        12,
        null,
        null,
        1,
        21,
        null,
        null,
        1,
        null,
        12,
        null,
        null,
        39,
        null,
        null,
        null,
        null,
        12,
        12,
        null,
        null,
        1,
        0,
        0,
        0,
        0,
        null,
        null,
        null,
        null,
        null,
        null,
        null,
        1,
        null,
        1,
        1,
        1,
        null,
        null,
        1,
        1,
        null,
        null,
        1,
        6,
        null,
        null,
        2,
        null,
        3,
        null,
        null,
        null,
        1,
        1,
        1,
        null,
        null,
        1,
        1,
        1,
        null,
        null,
        null,
        null,
        null,
        1,
        null,
        1,
        1,
        1,
        null,
        null,
        1,
        1,
        null,
        null,
        1,
        3,
        0,
        0,
        null,
        3,
        3,
        null,
        0,
        0,
        0,
        null,
        3,
        3,
        3,
        1,
        2,
        1,
        1,
        null,
        1,
        null,
        null,
        0,
        0,
        null,
        null,
        null,
        null,
        null,
        null,
        1,
        1,
        1,
        null,
        null,
        1,
        1,
        1,
        null,
        null,
        null,
        null,
        null,
        null,
        1,
        37,
        null,
        1,
        null,
        1,
        10,
        10,
        10,
        10,
        10,
        10,
        null,
        null,
        null,
        1,
        17,
        17,
        16,
        16,
        25,
        36,
        36,
        36,
        null,
        null,
        null,
        null,
        16,
        null,
        16,
        null,
        null,
        null,
        1,
        17,
        17,
        17,
        17,
        0,
        null,
        17,
        17,
        17,
        19,
        19,
        19,
        19,
        0,
        null,
        null,
        0,
        0,
        null,
        0,
        null,
        19,
        14,
        null,
        null,
        17,
        0,
        0,
        null,
        0,
        null,
        17,
        null,
        null,
        1,
        null,
        1,
        null,
        null,
        1,
        21,
        null,
        null,
        null,
        1,
        21,
        21,
        21,
        24,
        24,
        24,
        null,
        8,
        null,
        null,
        null,
        null,
        null,
        null,
        null,
        null,
        null,
        null,
        1,
        21,
        21,
        null,
        null,
        null,
        1,
        0,
        null,
        null,
        null,
        null,
        null,
        null,
        null,
        null,
        null,
        null,
        null,
        1,
        4,
        4,
        null,
        4,
        null,
        null,
        1,
        null,
        null,
        1,
        0,
        null,
        null,
        1,
        null,
        1,
        25,
        10,
        10,
        46,
        10,
        10,
        36,
        null,
        10,
        10,
        null,
        null,
        null,
        null,
        null
      ],
      "/home/hannesgeorg/Development/addressive/lib/addressive/static.rb": [
        null,
        null,
        null,
        null,
        null,
        null,
        null,
        null,
        null,
        null,
        null,
        null,
        null,
        null,
        null,
        null,
        null,
        1,
        null,
        1,
        null,
        null,
        null,
        null,
        null,
        null,
        null,
        null,
        null,
        null,
        null,
        null,
        null,
        null,
        null,
        null,
        null,
        1,
        null,
        1,
        null,
        13,
        null,
        null,
        null,
        1,
        8,
        8,
        null,
        null,
        null,
        null,
        null,
        null,
        1,
        13,
        13,
        13,
        13,
        null,
        0,
        null,
        null,
        null,
        1,
        0,
        null,
        null,
        null,
        null,
        null
      ],
      "/home/hannesgeorg/Development/addressive/lib/addressive/graph.rb": [
        null,
        null,
        null,
        null,
        null,
        null,
        null,
        null,
        null,
        null,
        null,
        null,
        null,
        null,
        null,
        null,
        null,
        1,
        null,
        null,
        null,
        null,
        1,
        null,
        null,
        1,
        null,
        null,
        1,
        19,
        19,
        19,
        null,
        null,
        null,
        1,
        0,
        null,
        null,
        null,
        1,
        27,
        23,
        null,
        4,
        4,
        null,
        27,
        27,
        27,
        null,
        null,
        null,
        null,
        null,
        null,
        1,
        null,
        1,
        null,
        null,
        1,
        111,
        111,
        111,
        null,
        null,
        null,
        null,
        null,
        null,
        null,
        null,
        null,
        null,
        null,
        null,
        null,
        null,
        null,
        null,
        null,
        null,
        null,
        null,
        null,
        null,
        null,
        null,
        null,
        null,
        1,
        30,
        30,
        null,
        null,
        1,
        null,
        null,
        1,
        5,
        null,
        null,
        null,
        1,
        22,
        18,
        null,
        4,
        4,
        null,
        22,
        22,
        null,
        null,
        null,
        null,
        null,
        null,
        null,
        null,
        null,
        null,
        null,
        null,
        null,
        null,
        null,
        null,
        null,
        null,
        null,
        null,
        null,
        null,
        null,
        null,
        1,
        19,
        19,
        19,
        19,
        2,
        0,
        null,
        2,
        null,
        null,
        19,
        19,
        19,
        17,
        null,
        null,
        19,
        null,
        null,
        null,
        null,
        null,
        null,
        null,
        1,
        null,
        null,
        1,
        83,
        null,
        null,
        null,
        null,
        null,
        null,
        null,
        1,
        66,
        66,
        45,
        0,
        null,
        45,
        null,
        null,
        66,
        null,
        null,
        null,
        null,
        null,
        null,
        1,
        6,
        null,
        null,
        null,
        null,
        null,
        1,
        49,
        null,
        null,
        null,
        1,
        null,
        null,
        null,
        1,
        26,
        26,
        26,
        26,
        75,
        26,
        null,
        null,
        null,
        null,
        null,
        null,
        1,
        57,
        26,
        8,
        null,
        18,
        null,
        null,
        57,
        null,
        null,
        null,
        null,
        null,
        1,
        98,
        null,
        null,
        1,
        null,
        null,
        null
      ]
    },
    "timestamp": 1347528897
  }
}
